Build started 27.06.2018 16:46:29.
     1>Project "C:\Users\alba940\Downloads\PythonQt3.2\src\PythonQt-Qt5-Python.vcxproj" on node 6 (Build target(s)).
     1>CustomBuild:
         MOC ../generated_cpp_56/com_trolltech_qt_core_builtin/com_trolltech_qt_core_builtin0.h
         MOC ../generated_cpp_56/com_trolltech_qt_gui_builtin/com_trolltech_qt_gui_builtin0.h
         MOC gui/PythonQtScriptingConsole.h
         MOC PythonQt.h
         MOC PythonQtSignalReceiver.h
         MOC PythonQtStdDecorators.h
       ClCompile:
         C:\Program Files (x86)\Microsoft Visual Studio 12.0\VC\bin\x86_amd64\CL.exe /c /I. /I. /I. /ID:\Qt\5.7\msvc2013_64\include /ID:\Qt\5.7\msvc2013_64\include\QtWidgets /ID:\Qt\5.7\msvc2013_64\include\QtGui /ID:\Qt\5.7\msvc2013_64\include\QtANGLE /ID:\Qt\5.7\msvc2013_64\include\QtCore\5.7.1 /ID:\Qt\5.7\msvc2013_64\include\QtCore\5.7.1\QtCore /ID:\Qt\5.7\msvc2013_64\include\QtCore /Idebug /I"D:\Qt\5.7\msvc2013_64\mkspecs\win32-msvc2013" /Zi /nologo /W3 /WX- /Od /D _WINDOWS /D UNICODE /D WIN32 /D WIN64 /D PYTHONQT_CATCH_ALL_EXCEPTIONS /D PYTHONQT_EXPORTS /D QT_WIDGETS_LIB /D QT_GUI_LIB /D QT_CORE_LIB /D _WINDLL /Gm- /EHsc /MDd /GS /fp:precise /Zc:wchar_t /Zc:forScope /GR /Fo"debug\\" /Fd"debug\vc120.pdb" /Gd /TP /errorReport:prompt -w34100 -w34189 -w44996 ..\generated_cpp_56\com_trolltech_qt_core_builtin\com_trolltech_qt_core_builtin0.cpp ..\generated_cpp_56\com_trolltech_qt_core_builtin\com_trolltech_qt_core_builtin_init.cpp ..\generated_cpp_56\com_trolltech_qt_gui_builtin\com_trolltech_qt_gui_builtin0.cpp ..\generated_cpp_56\com_trolltech_qt_gui_builtin\com_trolltech_qt_gui_builtin_init.cpp gui\PythonQtScriptingConsole.cpp PythonQt.cpp PythonQtBoolResult.cpp PythonQtClassInfo.cpp PythonQtClassWrapper.cpp PythonQtConversion.cpp PythonQtImporter.cpp PythonQtInstanceWrapper.cpp PythonQtMethodInfo.cpp PythonQtMisc.cpp PythonQtObjectPtr.cpp PythonQtProperty.cpp PythonQtQFileImporter.cpp PythonQtSignal.cpp PythonQtSignalReceiver.cpp PythonQtSlot.cpp PythonQtSlotDecorator.cpp PythonQtStdDecorators.cpp PythonQtStdIn.cpp PythonQtStdOut.cpp debug\moc_PythonQt.cpp debug\moc_PythonQtScriptingConsole.cpp debug\moc_PythonQtSignalReceiver.cpp debug\moc_PythonQtStdDecorators.cpp debug\moc_com_trolltech_qt_core_builtin0.cpp debug\moc_com_trolltech_qt_gui_builtin0.cpp
         com_trolltech_qt_core_builtin0.cpp
     1>c:\users\alba940\downloads\pythonqt3.2\src\PythonQtPythonInclude.h(59): fatal error C1083: Cannot open include file: 'Python.h': No such file or directory
         com_trolltech_qt_core_builtin_init.cpp
     1>c:\users\alba940\downloads\pythonqt3.2\src\PythonQtPythonInclude.h(59): fatal error C1083: Cannot open include file: 'Python.h': No such file or directory
         com_trolltech_qt_gui_builtin0.cpp
     1>c:\users\alba940\downloads\pythonqt3.2\src\PythonQtPythonInclude.h(59): fatal error C1083: Cannot open include file: 'Python.h': No such file or directory
         com_trolltech_qt_gui_builtin_init.cpp
     1>c:\users\alba940\downloads\pythonqt3.2\src\PythonQtPythonInclude.h(59): fatal error C1083: Cannot open include file: 'Python.h': No such file or directory
         PythonQtScriptingConsole.cpp
     1>c:\users\alba940\downloads\pythonqt3.2\src\PythonQtPythonInclude.h(59): fatal error C1083: Cannot open include file: 'Python.h': No such file or directory
         PythonQt.cpp
     1>c:\users\alba940\downloads\pythonqt3.2\src\PythonQtPythonInclude.h(59): fatal error C1083: Cannot open include file: 'Python.h': No such file or directory
         PythonQtBoolResult.cpp
     1>c:\users\alba940\downloads\pythonqt3.2\src\PythonQtPythonInclude.h(59): fatal error C1083: Cannot open include file: 'Python.h': No such file or directory
         PythonQtClassInfo.cpp
     1>c:\users\alba940\downloads\pythonqt3.2\src\PythonQtPythonInclude.h(59): fatal error C1083: Cannot open include file: 'Python.h': No such file or directory
         PythonQtClassWrapper.cpp
     1>c:\users\alba940\downloads\pythonqt3.2\src\PythonQtPythonInclude.h(59): fatal error C1083: Cannot open include file: 'Python.h': No such file or directory
         PythonQtConversion.cpp
     1>c:\users\alba940\downloads\pythonqt3.2\src\PythonQtPythonInclude.h(59): fatal error C1083: Cannot open include file: 'Python.h': No such file or directory
         PythonQtImporter.cpp
     1>c:\users\alba940\downloads\pythonqt3.2\src\PythonQtPythonInclude.h(59): fatal error C1083: Cannot open include file: 'Python.h': No such file or directory
         PythonQtInstanceWrapper.cpp
     1>c:\users\alba940\downloads\pythonqt3.2\src\PythonQtPythonInclude.h(59): fatal error C1083: Cannot open include file: 'Python.h': No such file or directory
         PythonQtMethodInfo.cpp
     1>c:\users\alba940\downloads\pythonqt3.2\src\PythonQtPythonInclude.h(59): fatal error C1083: Cannot open include file: 'Python.h': No such file or directory
         PythonQtMisc.cpp
         PythonQtObjectPtr.cpp
     1>c:\users\alba940\downloads\pythonqt3.2\src\PythonQtPythonInclude.h(59): fatal error C1083: Cannot open include file: 'Python.h': No such file or directory
         PythonQtProperty.cpp
     1>c:\users\alba940\downloads\pythonqt3.2\src\PythonQtPythonInclude.h(59): fatal error C1083: Cannot open include file: 'Python.h': No such file or directory
         PythonQtQFileImporter.cpp
         PythonQtSignal.cpp
     1>c:\users\alba940\downloads\pythonqt3.2\src\PythonQtPythonInclude.h(59): fatal error C1083: Cannot open include file: 'Python.h': No such file or directory
         PythonQtSignalReceiver.cpp
     1>c:\users\alba940\downloads\pythonqt3.2\src\PythonQtPythonInclude.h(59): fatal error C1083: Cannot open include file: 'Python.h': No such file or directory
         PythonQtSlot.cpp
     1>c:\users\alba940\downloads\pythonqt3.2\src\PythonQtPythonInclude.h(59): fatal error C1083: Cannot open include file: 'Python.h': No such file or directory
         Generating Code...
         Compiling...
         PythonQtSlotDecorator.cpp
     1>c:\users\alba940\downloads\pythonqt3.2\src\PythonQtPythonInclude.h(59): fatal error C1083: Cannot open include file: 'Python.h': No such file or directory
         PythonQtStdDecorators.cpp
     1>c:\users\alba940\downloads\pythonqt3.2\src\PythonQtPythonInclude.h(59): fatal error C1083: Cannot open include file: 'Python.h': No such file or directory
         PythonQtStdIn.cpp
     1>c:\users\alba940\downloads\pythonqt3.2\src\PythonQtPythonInclude.h(59): fatal error C1083: Cannot open include file: 'Python.h': No such file or directory
         PythonQtStdOut.cpp
     1>c:\users\alba940\downloads\pythonqt3.2\src\PythonQtPythonInclude.h(59): fatal error C1083: Cannot open include file: 'Python.h': No such file or directory
         moc_PythonQt.cpp
     1>c:\users\alba940\downloads\pythonqt3.2\src\PythonQtPythonInclude.h(59): fatal error C1083: Cannot open include file: 'Python.h': No such file or directory
         moc_PythonQtScriptingConsole.cpp
     1>c:\users\alba940\downloads\pythonqt3.2\src\PythonQtPythonInclude.h(59): fatal error C1083: Cannot open include file: 'Python.h': No such file or directory
         moc_PythonQtSignalReceiver.cpp
     1>c:\users\alba940\downloads\pythonqt3.2\src\PythonQtPythonInclude.h(59): fatal error C1083: Cannot open include file: 'Python.h': No such file or directory
         moc_PythonQtStdDecorators.cpp
     1>c:\users\alba940\downloads\pythonqt3.2\src\PythonQtPythonInclude.h(59): fatal error C1083: Cannot open include file: 'Python.h': No such file or directory
         moc_com_trolltech_qt_core_builtin0.cpp
     1>c:\users\alba940\downloads\pythonqt3.2\src\PythonQtPythonInclude.h(59): fatal error C1083: Cannot open include file: 'Python.h': No such file or directory
         moc_com_trolltech_qt_gui_builtin0.cpp
     1>c:\users\alba940\downloads\pythonqt3.2\src\PythonQtPythonInclude.h(59): fatal error C1083: Cannot open include file: 'Python.h': No such file or directory
         Generating Code...
     1>Done Building Project "C:\Users\alba940\Downloads\PythonQt3.2\src\PythonQt-Qt5-Python.vcxproj" (Build target(s)) -- FAILED.

Build FAILED.

Time Elapsed 00:00:05.27
