Build started 27.06.2018 16:46:29.
     1>Project "C:\Users\alba940\Downloads\PythonQt3.2\extensions\PythonQt_QtAll\PythonQt_QtAll-Qt5-Python.vcxproj" on node 9 (Build target(s)).
     1>CustomBuild:
         MOC ../../generated_cpp_56/com_trolltech_qt_core/com_trolltech_qt_core0.h
         MOC ../../generated_cpp_56/com_trolltech_qt_core/com_trolltech_qt_core1.h
         MOC ../../generated_cpp_56/com_trolltech_qt_core/com_trolltech_qt_core2.h
         MOC ../../generated_cpp_56/com_trolltech_qt_core/com_trolltech_qt_core3.h
         MOC ../../generated_cpp_56/com_trolltech_qt_gui/com_trolltech_qt_gui0.h
         MOC ../../generated_cpp_56/com_trolltech_qt_gui/com_trolltech_qt_gui1.h
         MOC ../../generated_cpp_56/com_trolltech_qt_gui/com_trolltech_qt_gui10.h
         MOC ../../generated_cpp_56/com_trolltech_qt_gui/com_trolltech_qt_gui11.h
         MOC ../../generated_cpp_56/com_trolltech_qt_gui/com_trolltech_qt_gui12.h
         MOC ../../generated_cpp_56/com_trolltech_qt_gui/com_trolltech_qt_gui2.h
         MOC ../../generated_cpp_56/com_trolltech_qt_gui/com_trolltech_qt_gui3.h
         MOC ../../generated_cpp_56/com_trolltech_qt_gui/com_trolltech_qt_gui4.h
         MOC ../../generated_cpp_56/com_trolltech_qt_gui/com_trolltech_qt_gui5.h
         MOC ../../generated_cpp_56/com_trolltech_qt_gui/com_trolltech_qt_gui6.h
         MOC ../../generated_cpp_56/com_trolltech_qt_gui/com_trolltech_qt_gui7.h
         MOC ../../generated_cpp_56/com_trolltech_qt_gui/com_trolltech_qt_gui8.h
         MOC ../../generated_cpp_56/com_trolltech_qt_gui/com_trolltech_qt_gui9.h
         MOC ../../generated_cpp_56/com_trolltech_qt_multimedia/com_trolltech_qt_multimedia0.h
         MOC ../../generated_cpp_56/com_trolltech_qt_multimedia/com_trolltech_qt_multimedia1.h
         MOC ../../generated_cpp_56/com_trolltech_qt_multimedia/com_trolltech_qt_multimedia2.h
         MOC ../../generated_cpp_56/com_trolltech_qt_multimedia/com_trolltech_qt_multimedia3.h
         MOC ../../generated_cpp_56/com_trolltech_qt_network/com_trolltech_qt_network0.h
         MOC ../../generated_cpp_56/com_trolltech_qt_network/com_trolltech_qt_network1.h
         MOC ../../generated_cpp_56/com_trolltech_qt_opengl/com_trolltech_qt_opengl0.h
         MOC ../../generated_cpp_56/com_trolltech_qt_qml/com_trolltech_qt_qml0.h
         MOC ../../generated_cpp_56/com_trolltech_qt_quick/com_trolltech_qt_quick0.h
         MOC ../../generated_cpp_56/com_trolltech_qt_quick/com_trolltech_qt_quick1.h
         MOC ../../generated_cpp_56/com_trolltech_qt_sql/com_trolltech_qt_sql0.h
         MOC ../../generated_cpp_56/com_trolltech_qt_svg/com_trolltech_qt_svg0.h
         MOC ../../generated_cpp_56/com_trolltech_qt_uitools/com_trolltech_qt_uitools0.h
         MOC ../../generated_cpp_56/com_trolltech_qt_xml/com_trolltech_qt_xml0.h
         MOC ../../generated_cpp_56/com_trolltech_qt_xml/com_trolltech_qt_xml1.h
         MOC ../../generated_cpp_56/com_trolltech_qt_xmlpatterns/com_trolltech_qt_xmlpatterns0.h
       ClCompile:
         C:\Program Files (x86)\Microsoft Visual Studio 12.0\VC\bin\x86_amd64\CL.exe /c /I. /I..\..\src /ID:\Qt\5.7\msvc2013_64\include /ID:\Qt\5.7\msvc2013_64\include\QtSvg /ID:\Qt\5.7\msvc2013_64\include\QtOpenGL /ID:\Qt\5.7\msvc2013_64\include\QtPrintSupport /ID:\Qt\5.7\msvc2013_64\include\QtMultimediaWidgets /ID:\Qt\5.7\msvc2013_64\include\QtQuickWidgets /ID:\Qt\5.7\msvc2013_64\include\QtUiTools /ID:\Qt\5.7\msvc2013_64\include\QtWidgets /ID:\Qt\5.7\msvc2013_64\include\QtMultimedia /ID:\Qt\5.7\msvc2013_64\include\QtQuick /ID:\Qt\5.7\msvc2013_64\include\QtGui /ID:\Qt\5.7\msvc2013_64\include\QtANGLE /ID:\Qt\5.7\msvc2013_64\include\QtSql /ID:\Qt\5.7\msvc2013_64\include\QtXmlPatterns /ID:\Qt\5.7\msvc2013_64\include\QtQml /ID:\Qt\5.7\msvc2013_64\include\QtNetwork /ID:\Qt\5.7\msvc2013_64\include\QtXml /ID:\Qt\5.7\msvc2013_64\include\QtCore /Idebug /I"D:\Qt\5.7\msvc2013_64\mkspecs\win32-msvc2013" /Zi /nologo /W3 /WX- /Od /D _WINDOWS /D UNICODE /D WIN32 /D WIN64 /D PYTHONQT_QTALL_EXPORTS /D QT_SVG_LIB /D QT_OPENGL_LIB /D QT_PRINTSUPPORT_LIB /D QT_MULTIMEDIAWIDGETS_LIB /D QT_QUICKWIDGETS_LIB /D QT_UITOOLS_LIB /D QT_WIDGETS_LIB /D QT_MULTIMEDIA_LIB /D QT_QUICK_LIB /D QT_GUI_LIB /D QT_SQL_LIB /D QT_XMLPATTERNS_LIB /D QT_QML_LIB /D QT_NETWORK_LIB /D QT_XML_LIB /D QT_CORE_LIB /D _WINDLL /Gm- /EHsc /MDd /GS /fp:precise /Zc:wchar_t /Zc:forScope /GR /Fo"debug\\" /Fd"debug\vc120.pdb" /Gd /TP /errorReport:prompt -w34100 -w34189 -w44996 PythonQt_QtAll.cpp ..\..\generated_cpp_56\com_trolltech_qt_core\com_trolltech_qt_core0.cpp ..\..\generated_cpp_56\com_trolltech_qt_core\com_trolltech_qt_core1.cpp ..\..\generated_cpp_56\com_trolltech_qt_core\com_trolltech_qt_core2.cpp ..\..\generated_cpp_56\com_trolltech_qt_core\com_trolltech_qt_core3.cpp ..\..\generated_cpp_56\com_trolltech_qt_core\com_trolltech_qt_core_init.cpp ..\..\generated_cpp_56\com_trolltech_qt_gui\com_trolltech_qt_gui0.cpp ..\..\generated_cpp_56\com_trolltech_qt_gui\com_trolltech_qt_gui1.cpp ..\..\generated_cpp_56\com_trolltech_qt_gui\com_trolltech_qt_gui10.cpp ..\..\generated_cpp_56\com_trolltech_qt_gui\com_trolltech_qt_gui11.cpp ..\..\generated_cpp_56\com_trolltech_qt_gui\com_trolltech_qt_gui12.cpp ..\..\generated_cpp_56\com_trolltech_qt_gui\com_trolltech_qt_gui2.cpp ..\..\generated_cpp_56\com_trolltech_qt_gui\com_trolltech_qt_gui3.cpp ..\..\generated_cpp_56\com_trolltech_qt_gui\com_trolltech_qt_gui4.cpp ..\..\generated_cpp_56\com_trolltech_qt_gui\com_trolltech_qt_gui5.cpp ..\..\generated_cpp_56\com_trolltech_qt_gui\com_trolltech_qt_gui6.cpp ..\..\generated_cpp_56\com_trolltech_qt_gui\com_trolltech_qt_gui7.cpp ..\..\generated_cpp_56\com_trolltech_qt_gui\com_trolltech_qt_gui8.cpp ..\..\generated_cpp_56\com_trolltech_qt_gui\com_trolltech_qt_gui9.cpp ..\..\generated_cpp_56\com_trolltech_qt_gui\com_trolltech_qt_gui_init.cpp ..\..\generated_cpp_56\com_trolltech_qt_multimedia\com_trolltech_qt_multimedia0.cpp ..\..\generated_cpp_56\com_trolltech_qt_multimedia\com_trolltech_qt_multimedia1.cpp ..\..\generated_cpp_56\com_trolltech_qt_multimedia\com_trolltech_qt_multimedia2.cpp ..\..\generated_cpp_56\com_trolltech_qt_multimedia\com_trolltech_qt_multimedia3.cpp ..\..\generated_cpp_56\com_trolltech_qt_multimedia\com_trolltech_qt_multimedia_init.cpp ..\..\generated_cpp_56\com_trolltech_qt_network\com_trolltech_qt_network0.cpp ..\..\generated_cpp_56\com_trolltech_qt_network\com_trolltech_qt_network1.cpp ..\..\generated_cpp_56\com_trolltech_qt_network\com_trolltech_qt_network_init.cpp ..\..\generated_cpp_56\com_trolltech_qt_opengl\com_trolltech_qt_opengl0.cpp ..\..\generated_cpp_56\com_trolltech_qt_opengl\com_trolltech_qt_opengl_init.cpp ..\..\generated_cpp_56\com_trolltech_qt_qml\com_trolltech_qt_qml0.cpp ..\..\generated_cpp_56\com_trolltech_qt_qml\com_trolltech_qt_qml_init.cpp ..\..\generated_cpp_56\com_trolltech_qt_quick\com_trolltech_qt_quick0.cpp ..\..\generated_cpp_56\com_trolltech_qt_quick\com_trolltech_qt_quick1.cpp ..\..\generated_cpp_56\com_trolltech_qt_quick\com_trolltech_qt_quick_init.cpp ..\..\generated_cpp_56\com_trolltech_qt_sql\com_trolltech_qt_sql0.cpp ..\..\generated_cpp_56\com_trolltech_qt_sql\com_trolltech_qt_sql_init.cpp ..\..\generated_cpp_56\com_trolltech_qt_svg\com_trolltech_qt_svg0.cpp ..\..\generated_cpp_56\com_trolltech_qt_svg\com_trolltech_qt_svg_init.cpp ..\..\generated_cpp_56\com_trolltech_qt_uitools\com_trolltech_qt_uitools0.cpp ..\..\generated_cpp_56\com_trolltech_qt_uitools\com_trolltech_qt_uitools_init.cpp ..\..\generated_cpp_56\com_trolltech_qt_xml\com_trolltech_qt_xml0.cpp ..\..\generated_cpp_56\com_trolltech_qt_xml\com_trolltech_qt_xml1.cpp ..\..\generated_cpp_56\com_trolltech_qt_xml\com_trolltech_qt_xml_init.cpp ..\..\generated_cpp_56\com_trolltech_qt_xmlpatterns\com_trolltech_qt_xmlpatterns0.cpp ..\..\generated_cpp_56\com_trolltech_qt_xmlpatterns\com_trolltech_qt_xmlpatterns_init.cpp debug\moc_com_trolltech_qt_core0.cpp debug\moc_com_trolltech_qt_core1.cpp debug\moc_com_trolltech_qt_core2.cpp debug\moc_com_trolltech_qt_core3.cpp debug\moc_com_trolltech_qt_gui0.cpp debug\moc_com_trolltech_qt_gui1.cpp debug\moc_com_trolltech_qt_gui10.cpp debug\moc_com_trolltech_qt_gui11.cpp debug\moc_com_trolltech_qt_gui12.cpp debug\moc_com_trolltech_qt_gui2.cpp debug\moc_com_trolltech_qt_gui3.cpp debug\moc_com_trolltech_qt_gui4.cpp debug\moc_com_trolltech_qt_gui5.cpp debug\moc_com_trolltech_qt_gui6.cpp debug\moc_com_trolltech_qt_gui7.cpp debug\moc_com_trolltech_qt_gui8.cpp debug\moc_com_trolltech_qt_gui9.cpp debug\moc_com_trolltech_qt_multimedia0.cpp debug\moc_com_trolltech_qt_multimedia1.cpp debug\moc_com_trolltech_qt_multimedia2.cpp debug\moc_com_trolltech_qt_multimedia3.cpp debug\moc_com_trolltech_qt_network0.cpp debug\moc_com_trolltech_qt_network1.cpp debug\moc_com_trolltech_qt_opengl0.cpp debug\moc_com_trolltech_qt_qml0.cpp debug\moc_com_trolltech_qt_quick0.cpp debug\moc_com_trolltech_qt_quick1.cpp debug\moc_com_trolltech_qt_sql0.cpp debug\moc_com_trolltech_qt_svg0.cpp debug\moc_com_trolltech_qt_uitools0.cpp debug\moc_com_trolltech_qt_xml0.cpp debug\moc_com_trolltech_qt_xml1.cpp debug\moc_com_trolltech_qt_xmlpatterns0.cpp
         PythonQt_QtAll.cpp
     1>c:\users\alba940\downloads\pythonqt3.2\src\PythonQtPythonInclude.h(59): fatal error C1083: Cannot open include file: 'Python.h': No such file or directory
         com_trolltech_qt_core0.cpp
     1>c:\users\alba940\downloads\pythonqt3.2\src\PythonQtPythonInclude.h(59): fatal error C1083: Cannot open include file: 'Python.h': No such file or directory
         com_trolltech_qt_core1.cpp
     1>c:\users\alba940\downloads\pythonqt3.2\src\PythonQtPythonInclude.h(59): fatal error C1083: Cannot open include file: 'Python.h': No such file or directory
         com_trolltech_qt_core2.cpp
     1>c:\users\alba940\downloads\pythonqt3.2\src\PythonQtPythonInclude.h(59): fatal error C1083: Cannot open include file: 'Python.h': No such file or directory
         com_trolltech_qt_core3.cpp
     1>c:\users\alba940\downloads\pythonqt3.2\src\PythonQtPythonInclude.h(59): fatal error C1083: Cannot open include file: 'Python.h': No such file or directory
         com_trolltech_qt_core_init.cpp
     1>c:\users\alba940\downloads\pythonqt3.2\src\PythonQtPythonInclude.h(59): fatal error C1083: Cannot open include file: 'Python.h': No such file or directory
         com_trolltech_qt_gui0.cpp
     1>c:\users\alba940\downloads\pythonqt3.2\src\PythonQtPythonInclude.h(59): fatal error C1083: Cannot open include file: 'Python.h': No such file or directory
         com_trolltech_qt_gui1.cpp
     1>c:\users\alba940\downloads\pythonqt3.2\src\PythonQtPythonInclude.h(59): fatal error C1083: Cannot open include file: 'Python.h': No such file or directory
         com_trolltech_qt_gui10.cpp
     1>c:\users\alba940\downloads\pythonqt3.2\src\PythonQtPythonInclude.h(59): fatal error C1083: Cannot open include file: 'Python.h': No such file or directory
         com_trolltech_qt_gui11.cpp
     1>c:\users\alba940\downloads\pythonqt3.2\src\PythonQtPythonInclude.h(59): fatal error C1083: Cannot open include file: 'Python.h': No such file or directory
         com_trolltech_qt_gui12.cpp
     1>c:\users\alba940\downloads\pythonqt3.2\src\PythonQtPythonInclude.h(59): fatal error C1083: Cannot open include file: 'Python.h': No such file or directory
         com_trolltech_qt_gui2.cpp
     1>c:\users\alba940\downloads\pythonqt3.2\src\PythonQtPythonInclude.h(59): fatal error C1083: Cannot open include file: 'Python.h': No such file or directory
         com_trolltech_qt_gui3.cpp
     1>c:\users\alba940\downloads\pythonqt3.2\src\PythonQtPythonInclude.h(59): fatal error C1083: Cannot open include file: 'Python.h': No such file or directory
         com_trolltech_qt_gui4.cpp
     1>c:\users\alba940\downloads\pythonqt3.2\src\PythonQtPythonInclude.h(59): fatal error C1083: Cannot open include file: 'Python.h': No such file or directory
         com_trolltech_qt_gui5.cpp
     1>c:\users\alba940\downloads\pythonqt3.2\src\PythonQtPythonInclude.h(59): fatal error C1083: Cannot open include file: 'Python.h': No such file or directory
         com_trolltech_qt_gui6.cpp
     1>c:\users\alba940\downloads\pythonqt3.2\src\PythonQtPythonInclude.h(59): fatal error C1083: Cannot open include file: 'Python.h': No such file or directory
         com_trolltech_qt_gui7.cpp
     1>c:\users\alba940\downloads\pythonqt3.2\src\PythonQtPythonInclude.h(59): fatal error C1083: Cannot open include file: 'Python.h': No such file or directory
         com_trolltech_qt_gui8.cpp
     1>c:\users\alba940\downloads\pythonqt3.2\src\PythonQtPythonInclude.h(59): fatal error C1083: Cannot open include file: 'Python.h': No such file or directory
         com_trolltech_qt_gui9.cpp
     1>c:\users\alba940\downloads\pythonqt3.2\src\PythonQtPythonInclude.h(59): fatal error C1083: Cannot open include file: 'Python.h': No such file or directory
         com_trolltech_qt_gui_init.cpp
     1>c:\users\alba940\downloads\pythonqt3.2\src\PythonQtPythonInclude.h(59): fatal error C1083: Cannot open include file: 'Python.h': No such file or directory
         Generating Code...
         Compiling...
         com_trolltech_qt_multimedia0.cpp
     1>c:\users\alba940\downloads\pythonqt3.2\src\PythonQtPythonInclude.h(59): fatal error C1083: Cannot open include file: 'Python.h': No such file or directory
         com_trolltech_qt_multimedia1.cpp
     1>c:\users\alba940\downloads\pythonqt3.2\src\PythonQtPythonInclude.h(59): fatal error C1083: Cannot open include file: 'Python.h': No such file or directory
         com_trolltech_qt_multimedia2.cpp
     1>c:\users\alba940\downloads\pythonqt3.2\src\PythonQtPythonInclude.h(59): fatal error C1083: Cannot open include file: 'Python.h': No such file or directory
         com_trolltech_qt_multimedia3.cpp
     1>c:\users\alba940\downloads\pythonqt3.2\src\PythonQtPythonInclude.h(59): fatal error C1083: Cannot open include file: 'Python.h': No such file or directory
         com_trolltech_qt_multimedia_init.cpp
     1>c:\users\alba940\downloads\pythonqt3.2\src\PythonQtPythonInclude.h(59): fatal error C1083: Cannot open include file: 'Python.h': No such file or directory
         com_trolltech_qt_network0.cpp
     1>c:\users\alba940\downloads\pythonqt3.2\src\PythonQtPythonInclude.h(59): fatal error C1083: Cannot open include file: 'Python.h': No such file or directory
         com_trolltech_qt_network1.cpp
     1>c:\users\alba940\downloads\pythonqt3.2\src\PythonQtPythonInclude.h(59): fatal error C1083: Cannot open include file: 'Python.h': No such file or directory
         com_trolltech_qt_network_init.cpp
     1>c:\users\alba940\downloads\pythonqt3.2\src\PythonQtPythonInclude.h(59): fatal error C1083: Cannot open include file: 'Python.h': No such file or directory
         com_trolltech_qt_opengl0.cpp
     1>c:\users\alba940\downloads\pythonqt3.2\src\PythonQtPythonInclude.h(59): fatal error C1083: Cannot open include file: 'Python.h': No such file or directory
         com_trolltech_qt_opengl_init.cpp
     1>c:\users\alba940\downloads\pythonqt3.2\src\PythonQtPythonInclude.h(59): fatal error C1083: Cannot open include file: 'Python.h': No such file or directory
         com_trolltech_qt_qml0.cpp
     1>c:\users\alba940\downloads\pythonqt3.2\src\PythonQtPythonInclude.h(59): fatal error C1083: Cannot open include file: 'Python.h': No such file or directory
         com_trolltech_qt_qml_init.cpp
     1>c:\users\alba940\downloads\pythonqt3.2\src\PythonQtPythonInclude.h(59): fatal error C1083: Cannot open include file: 'Python.h': No such file or directory
         com_trolltech_qt_quick0.cpp
     1>c:\users\alba940\downloads\pythonqt3.2\src\PythonQtPythonInclude.h(59): fatal error C1083: Cannot open include file: 'Python.h': No such file or directory
         com_trolltech_qt_quick1.cpp
     1>c:\users\alba940\downloads\pythonqt3.2\src\PythonQtPythonInclude.h(59): fatal error C1083: Cannot open include file: 'Python.h': No such file or directory
         com_trolltech_qt_quick_init.cpp
     1>c:\users\alba940\downloads\pythonqt3.2\src\PythonQtPythonInclude.h(59): fatal error C1083: Cannot open include file: 'Python.h': No such file or directory
         com_trolltech_qt_sql0.cpp
     1>c:\users\alba940\downloads\pythonqt3.2\src\PythonQtPythonInclude.h(59): fatal error C1083: Cannot open include file: 'Python.h': No such file or directory
         com_trolltech_qt_sql_init.cpp
     1>c:\users\alba940\downloads\pythonqt3.2\src\PythonQtPythonInclude.h(59): fatal error C1083: Cannot open include file: 'Python.h': No such file or directory
         com_trolltech_qt_svg0.cpp
     1>c:\users\alba940\downloads\pythonqt3.2\src\PythonQtPythonInclude.h(59): fatal error C1083: Cannot open include file: 'Python.h': No such file or directory
         com_trolltech_qt_svg_init.cpp
     1>c:\users\alba940\downloads\pythonqt3.2\src\PythonQtPythonInclude.h(59): fatal error C1083: Cannot open include file: 'Python.h': No such file or directory
         com_trolltech_qt_uitools0.cpp
     1>c:\users\alba940\downloads\pythonqt3.2\src\PythonQtPythonInclude.h(59): fatal error C1083: Cannot open include file: 'Python.h': No such file or directory
         Generating Code...
         Compiling...
         com_trolltech_qt_uitools_init.cpp
     1>c:\users\alba940\downloads\pythonqt3.2\src\PythonQtPythonInclude.h(59): fatal error C1083: Cannot open include file: 'Python.h': No such file or directory
         com_trolltech_qt_xml0.cpp
     1>c:\users\alba940\downloads\pythonqt3.2\src\PythonQtPythonInclude.h(59): fatal error C1083: Cannot open include file: 'Python.h': No such file or directory
         com_trolltech_qt_xml1.cpp
     1>c:\users\alba940\downloads\pythonqt3.2\src\PythonQtPythonInclude.h(59): fatal error C1083: Cannot open include file: 'Python.h': No such file or directory
         com_trolltech_qt_xml_init.cpp
     1>c:\users\alba940\downloads\pythonqt3.2\src\PythonQtPythonInclude.h(59): fatal error C1083: Cannot open include file: 'Python.h': No such file or directory
         com_trolltech_qt_xmlpatterns0.cpp
     1>c:\users\alba940\downloads\pythonqt3.2\src\PythonQtPythonInclude.h(59): fatal error C1083: Cannot open include file: 'Python.h': No such file or directory
         com_trolltech_qt_xmlpatterns_init.cpp
     1>c:\users\alba940\downloads\pythonqt3.2\src\PythonQtPythonInclude.h(59): fatal error C1083: Cannot open include file: 'Python.h': No such file or directory
         moc_com_trolltech_qt_core0.cpp
     1>c:\users\alba940\downloads\pythonqt3.2\src\PythonQtPythonInclude.h(59): fatal error C1083: Cannot open include file: 'Python.h': No such file or directory
         moc_com_trolltech_qt_core1.cpp
     1>c:\users\alba940\downloads\pythonqt3.2\src\PythonQtPythonInclude.h(59): fatal error C1083: Cannot open include file: 'Python.h': No such file or directory
         moc_com_trolltech_qt_core2.cpp
     1>c:\users\alba940\downloads\pythonqt3.2\src\PythonQtPythonInclude.h(59): fatal error C1083: Cannot open include file: 'Python.h': No such file or directory
         moc_com_trolltech_qt_core3.cpp
     1>c:\users\alba940\downloads\pythonqt3.2\src\PythonQtPythonInclude.h(59): fatal error C1083: Cannot open include file: 'Python.h': No such file or directory
         moc_com_trolltech_qt_gui0.cpp
     1>c:\users\alba940\downloads\pythonqt3.2\src\PythonQtPythonInclude.h(59): fatal error C1083: Cannot open include file: 'Python.h': No such file or directory
         moc_com_trolltech_qt_gui1.cpp
     1>c:\users\alba940\downloads\pythonqt3.2\src\PythonQtPythonInclude.h(59): fatal error C1083: Cannot open include file: 'Python.h': No such file or directory
         moc_com_trolltech_qt_gui10.cpp
     1>c:\users\alba940\downloads\pythonqt3.2\src\PythonQtPythonInclude.h(59): fatal error C1083: Cannot open include file: 'Python.h': No such file or directory
         moc_com_trolltech_qt_gui11.cpp
     1>c:\users\alba940\downloads\pythonqt3.2\src\PythonQtPythonInclude.h(59): fatal error C1083: Cannot open include file: 'Python.h': No such file or directory
         moc_com_trolltech_qt_gui12.cpp
     1>c:\users\alba940\downloads\pythonqt3.2\src\PythonQtPythonInclude.h(59): fatal error C1083: Cannot open include file: 'Python.h': No such file or directory
         moc_com_trolltech_qt_gui2.cpp
     1>c:\users\alba940\downloads\pythonqt3.2\src\PythonQtPythonInclude.h(59): fatal error C1083: Cannot open include file: 'Python.h': No such file or directory
         moc_com_trolltech_qt_gui3.cpp
     1>c:\users\alba940\downloads\pythonqt3.2\src\PythonQtPythonInclude.h(59): fatal error C1083: Cannot open include file: 'Python.h': No such file or directory
         moc_com_trolltech_qt_gui4.cpp
     1>c:\users\alba940\downloads\pythonqt3.2\src\PythonQtPythonInclude.h(59): fatal error C1083: Cannot open include file: 'Python.h': No such file or directory
         moc_com_trolltech_qt_gui5.cpp
     1>c:\users\alba940\downloads\pythonqt3.2\src\PythonQtPythonInclude.h(59): fatal error C1083: Cannot open include file: 'Python.h': No such file or directory
         moc_com_trolltech_qt_gui6.cpp
     1>c:\users\alba940\downloads\pythonqt3.2\src\PythonQtPythonInclude.h(59): fatal error C1083: Cannot open include file: 'Python.h': No such file or directory
         Generating Code...
         Compiling...
         moc_com_trolltech_qt_gui7.cpp
     1>c:\users\alba940\downloads\pythonqt3.2\src\PythonQtPythonInclude.h(59): fatal error C1083: Cannot open include file: 'Python.h': No such file or directory
         moc_com_trolltech_qt_gui8.cpp
     1>c:\users\alba940\downloads\pythonqt3.2\src\PythonQtPythonInclude.h(59): fatal error C1083: Cannot open include file: 'Python.h': No such file or directory
         moc_com_trolltech_qt_gui9.cpp
     1>c:\users\alba940\downloads\pythonqt3.2\src\PythonQtPythonInclude.h(59): fatal error C1083: Cannot open include file: 'Python.h': No such file or directory
         moc_com_trolltech_qt_multimedia0.cpp
     1>c:\users\alba940\downloads\pythonqt3.2\src\PythonQtPythonInclude.h(59): fatal error C1083: Cannot open include file: 'Python.h': No such file or directory
         moc_com_trolltech_qt_multimedia1.cpp
     1>c:\users\alba940\downloads\pythonqt3.2\src\PythonQtPythonInclude.h(59): fatal error C1083: Cannot open include file: 'Python.h': No such file or directory
         moc_com_trolltech_qt_multimedia2.cpp
     1>c:\users\alba940\downloads\pythonqt3.2\src\PythonQtPythonInclude.h(59): fatal error C1083: Cannot open include file: 'Python.h': No such file or directory
         moc_com_trolltech_qt_multimedia3.cpp
     1>c:\users\alba940\downloads\pythonqt3.2\src\PythonQtPythonInclude.h(59): fatal error C1083: Cannot open include file: 'Python.h': No such file or directory
         moc_com_trolltech_qt_network0.cpp
     1>c:\users\alba940\downloads\pythonqt3.2\src\PythonQtPythonInclude.h(59): fatal error C1083: Cannot open include file: 'Python.h': No such file or directory
         moc_com_trolltech_qt_network1.cpp
     1>c:\users\alba940\downloads\pythonqt3.2\src\PythonQtPythonInclude.h(59): fatal error C1083: Cannot open include file: 'Python.h': No such file or directory
         moc_com_trolltech_qt_opengl0.cpp
     1>c:\users\alba940\downloads\pythonqt3.2\src\PythonQtPythonInclude.h(59): fatal error C1083: Cannot open include file: 'Python.h': No such file or directory
         moc_com_trolltech_qt_qml0.cpp
     1>c:\users\alba940\downloads\pythonqt3.2\src\PythonQtPythonInclude.h(59): fatal error C1083: Cannot open include file: 'Python.h': No such file or directory
         moc_com_trolltech_qt_quick0.cpp
     1>c:\users\alba940\downloads\pythonqt3.2\src\PythonQtPythonInclude.h(59): fatal error C1083: Cannot open include file: 'Python.h': No such file or directory
         moc_com_trolltech_qt_quick1.cpp
     1>c:\users\alba940\downloads\pythonqt3.2\src\PythonQtPythonInclude.h(59): fatal error C1083: Cannot open include file: 'Python.h': No such file or directory
         moc_com_trolltech_qt_sql0.cpp
     1>c:\users\alba940\downloads\pythonqt3.2\src\PythonQtPythonInclude.h(59): fatal error C1083: Cannot open include file: 'Python.h': No such file or directory
         moc_com_trolltech_qt_svg0.cpp
     1>c:\users\alba940\downloads\pythonqt3.2\src\PythonQtPythonInclude.h(59): fatal error C1083: Cannot open include file: 'Python.h': No such file or directory
         moc_com_trolltech_qt_uitools0.cpp
     1>c:\users\alba940\downloads\pythonqt3.2\src\PythonQtPythonInclude.h(59): fatal error C1083: Cannot open include file: 'Python.h': No such file or directory
         moc_com_trolltech_qt_xml0.cpp
     1>c:\users\alba940\downloads\pythonqt3.2\src\PythonQtPythonInclude.h(59): fatal error C1083: Cannot open include file: 'Python.h': No such file or directory
         moc_com_trolltech_qt_xml1.cpp
     1>c:\users\alba940\downloads\pythonqt3.2\src\PythonQtPythonInclude.h(59): fatal error C1083: Cannot open include file: 'Python.h': No such file or directory
         moc_com_trolltech_qt_xmlpatterns0.cpp
     1>c:\users\alba940\downloads\pythonqt3.2\src\PythonQtPythonInclude.h(59): fatal error C1083: Cannot open include file: 'Python.h': No such file or directory
         Generating Code...
     1>Done Building Project "C:\Users\alba940\Downloads\PythonQt3.2\extensions\PythonQt_QtAll\PythonQt_QtAll-Qt5-Python.vcxproj" (Build target(s)) -- FAILED.

Build FAILED.

Time Elapsed 00:00:13.46
